0 info it worked if it ends with ok
1 verbose cli [ '/usr/local/bin/node', '/usr/local/bin/npm', 'start' ]
2 info using npm@3.10.8
3 info using node@v6.8.0
4 verbose run-script [ 'prestart', 'start', 'poststart' ]
5 info lifecycle jquerySourceAnalysis@1.0.0~prestart: jquerySourceAnalysis@1.0.0
6 silly lifecycle jquerySourceAnalysis@1.0.0~prestart: no script for prestart, continuing
7 info lifecycle jquerySourceAnalysis@1.0.0~start: jquerySourceAnalysis@1.0.0
8 verbose lifecycle jquerySourceAnalysis@1.0.0~start: unsafe-perm in lifecycle true
9 verbose lifecycle jquerySourceAnalysis@1.0.0~start: PATH: /usr/local/lib/node_modules/npm/bin/node-gyp-bin:/Users/xuming/Desktop/jquerySourceAnalysis/node_modules/.bin:/Users/xuming/apps/node/bin:/usr/local/opt/gnu-tar/libexec/gnubin:/usr/local/opt/gnu-sed/libexec/gnubin:/usr/local/Cellar/coreutils/8.23_1/libexec/gnubin:/usr/local/bin:/usr/local/bin:/usr/bin:/bin:/usr/sbin:/sbin:/usr/local/git/bin
10 verbose lifecycle jquerySourceAnalysis@1.0.0~start: CWD: /Users/xuming/Desktop/jquerySourceAnalysis
11 silly lifecycle jquerySourceAnalysis@1.0.0~start: Args: [ '-c', 'npm run lite' ]
12 silly lifecycle jquerySourceAnalysis@1.0.0~start: Returned: code: 1  signal: null
13 info lifecycle jquerySourceAnalysis@1.0.0~start: Failed to exec start script
14 verbose stack Error: jquerySourceAnalysis@1.0.0 start: `npm run lite`
14 verbose stack Exit status 1
14 verbose stack     at EventEmitter.<anonymous> (/usr/local/lib/node_modules/npm/lib/utils/lifecycle.js:255:16)
14 verbose stack     at emitTwo (events.js:106:13)
14 verbose stack     at EventEmitter.emit (events.js:191:7)
14 verbose stack     at ChildProcess.<anonymous> (/usr/local/lib/node_modules/npm/lib/utils/spawn.js:40:14)
14 verbose stack     at emitTwo (events.js:106:13)
14 verbose stack     at ChildProcess.emit (events.js:191:7)
14 verbose stack     at maybeClose (internal/child_process.js:877:16)
14 verbose stack     at Process.ChildProcess._handle.onexit (internal/child_process.js:226:5)
15 verbose pkgid jquerySourceAnalysis@1.0.0
16 verbose cwd /Users/xuming/Desktop/jquerySourceAnalysis
17 error Darwin 15.6.0
18 error argv "/usr/local/bin/node" "/usr/local/bin/npm" "start"
19 error node v6.8.0
20 error npm  v3.10.8
21 error code ELIFECYCLE
22 error jquerySourceAnalysis@1.0.0 start: `npm run lite`
22 error Exit status 1
23 error Failed at the jquerySourceAnalysis@1.0.0 start script 'npm run lite'.
23 error Make sure you have the latest version of node.js and npm installed.
23 error If you do, this is most likely a problem with the jquerySourceAnalysis package,
23 error not with npm itself.
23 error Tell the author that this fails on your system:
23 error     npm run lite
23 error You can get information on how to open an issue for this project with:
23 error     npm bugs jquerySourceAnalysis
23 error Or if that isn't available, you can get their info via:
23 error     npm owner ls jquerySourceAnalysis
23 error There is likely additional logging output above.
24 verbose exit [ 1, true ]
